<?xml version="1.0" encoding="UTF-8"?>
<!-- Generated by org.testng.reporters.JUnitReportReporter -->
<testsuite hostname="DESKTOP-802EDJG" name="com.training.sanity.tests.LoginTests" tests="1" failures="0" timestamp="10 Apr 2020 19:17:20 GMT" time="17.215" errors="0">
  <testcase name="validLoginTest" time="17.215" classname="com.training.sanity.tests.LoginTests"/>
</testsuite> <!-- com.training.sanity.tests.LoginTests -->
